<?xml version="1.0" encoding="UTF-8"?>
<!-- Generated by org.testng.reporters.JUnitReportReporter -->
<testsuite skipped="0" hostname="qsp" name="demo.Testng1" tests="3" failures="0" timestamp="13 Oct 2017 10:13:23 GMT" time="0.009" errors="0">
  <testcase name="b" time="0.001" classname="demo.Testng1"/>
  <testcase name="c" time="0.001" classname="demo.Testng1"/>
  <testcase name="a" time="0.007" classname="demo.Testng1"/>
</testsuite> <!-- demo.Testng1 -->
