<?xml version="1.0" encoding="UTF-8"?>
<!-- Generated by org.testng.reporters.JUnitReportReporter -->
<testsuite skipped="0" hostname="qsp" name="demo.Parallel" tests="2" failures="0" timestamp="27 Oct 2017 07:38:21 GMT" time="17.009" errors="0">
  <testcase name="m1" time="6.749" classname="demo.Parallel"/>
  <testcase name="m1" time="10.260" classname="demo.Parallel"/>
</testsuite> <!-- demo.Parallel -->
