<?xml version="1.0" encoding="UTF-8"?>
<!-- Generated by org.testng.reporters.JUnitReportReporter -->
<testsuite skipped="0" hostname="qsp" name="demo.encap" tests="2" failures="0" timestamp="17 Oct 2017 07:40:57 GMT" time="17.919" errors="0">
  <testcase name="m1" time="6.422" classname="demo.encap"/>
  <testcase name="m1" time="11.497" classname="demo.encap"/>
</testsuite> <!-- demo.encap -->
